<?xml version="1.0" encoding="UTF-8"?>
<testng-results skipped="0" failed="0" ignored="0" total="5" passed="5">
  <reporter-output>
  </reporter-output>
  <suite name="Suite" duration-ms="65454" started-at="2018-10-13T12:53:53Z" finished-at="2018-10-13T12:54:58Z">
    <groups>
    </groups>
    <test name="Test" duration-ms="65454" started-at="2018-10-13T12:53:53Z" finished-at="2018-10-13T12:54:58Z">
      <class name="packOne.ClassFour">
        <test-method status="PASS" signature="methodFourA()[pri:0, instance:packOne.ClassFour@6de728]" name="methodFourA" duration-ms="23300" started-at="2018-10-13T12:54:35Z" finished-at="2018-10-13T12:54:58Z">
          <reporter-output>
          </reporter-output>
        </test-method> <!-- methodFourA -->
      </class> <!-- packOne.ClassFour -->
      <class name="packOne.ClassOne">
        <test-method status="PASS" signature="methodOneA()[pri:0, instance:packOne.ClassOne@3bf400]" name="methodOneA" duration-ms="14390" started-at="2018-10-13T12:53:53Z" finished-at="2018-10-13T12:54:07Z">
          <reporter-output>
          </reporter-output>
        </test-method> <!-- methodOneA -->
      </class> <!-- packOne.ClassOne -->
      <class name="packOne.ClassThree">
        <test-method status="PASS" signature="methodThreeA()[pri:0, instance:packOne.ClassThree@1f03bb1]" name="methodThreeA" duration-ms="13043" started-at="2018-10-13T12:54:22Z" finished-at="2018-10-13T12:54:35Z">
          <reporter-output>
          </reporter-output>
        </test-method> <!-- methodThreeA -->
      </class> <!-- packOne.ClassThree -->
      <class name="packOne.ClassTwo">
        <test-method status="PASS" signature="methodTwoA()[pri:0, instance:packOne.ClassTwo@1a06946]" name="methodTwoA" duration-ms="14641" started-at="2018-10-13T12:54:07Z" finished-at="2018-10-13T12:54:22Z">
          <reporter-output>
          </reporter-output>
        </test-method> <!-- methodTwoA -->
        <test-method status="PASS" signature="methodTwoB()[pri:0, instance:packOne.ClassTwo@1a06946]" name="methodTwoB" duration-ms="0" started-at="2018-10-13T12:54:22Z" finished-at="2018-10-13T12:54:22Z">
          <reporter-output>
          </reporter-output>
        </test-method> <!-- methodTwoB -->
      </class> <!-- packOne.ClassTwo -->
    </test> <!-- Test -->
  </suite> <!-- Suite -->
</testng-results>
