<?xml version="1.0" encoding="UTF-8"?>
<!-- Generated by org.testng.reporters.JUnitXMLReporter -->
<testsuite hostname="DESKTOP-VH56LQQ" ignored="0" name="Test" tests="5" failures="0" timestamp="24 Jul 2018 17:09:00 GMT" time="42.8" errors="0">
  <testcase name="methodOneA" time="7.815" classname="packOne.ClassOne"/>
  <testcase name="methodTwoA" time="9.09" classname="packOne.ClassTwo"/>
  <testcase name="methodTwoB" time="0.001" classname="packOne.ClassTwo"/>
  <testcase name="methodThreeA" time="9.794" classname="packOne.ClassThree"/>
  <testcase name="methodFourA" time="16.068" classname="packOne.ClassFour"/>
</testsuite> <!-- Test -->
